#
# There is insufficient memory for the Java Runtime Environment to continue.
# Native memory allocation (malloc) failed to allocate 691856 bytes for Chunk::new
# Possible reasons:
#   The system is out of physical RAM or swap space
#   The process is running with CompressedOops enabled, and the Java Heap may be blocking the growth of the native heap
# Possible solutions:
#   Reduce memory load on the system
#   Increase physical memory or swap space
#   Check if swap backing store is full
#   Decrease Java heap size (-Xmx/-Xms)
#   Decrease number of Java threads
#   Decrease Java thread stack sizes (-Xss)
#   Set larger code cache with -XX:ReservedCodeCacheSize=
#   JVM is running with Unscaled Compressed Oops mode in which the Java heap is
#     placed in the first 4GB address space. The Java Heap base address is the
#     maximum limit for the native heap growth. Please use -XX:HeapBaseMinAddress
#     to set the Java Heap base and to place the Java Heap above 4GB virtual address.
# This output file may be truncated or incomplete.
#
#  Out of Memory Error (allocation.cpp:389), pid=13268, tid=0x0000000000002024
#
# JRE version: Java(TM) SE Runtime Environment (8.0_211-b12) (build 1.8.0_211-b12)
# Java VM: Java HotSpot(TM) 64-Bit Server VM (25.211-b12 mixed mode windows-amd64 compressed oops)
# Failed to write core dump. Minidumps are not enabled by default on client versions of Windows
#

---------------  T H R E A D  ---------------

Current thread (0x0000000013d19000):  JavaThread "C2 CompilerThread0" daemon [_thread_in_native, id=8228, stack(0x0000000015380000,0x0000000015480000)]

Stack: [0x0000000015380000,0x0000000015480000]
[error occurred during error reporting (printing stack bounds), id 0xc0000005]

Native frames: (J=compiled Java code, j=interpreted, Vv=VM code, C=native code)


Current CompileTask:
C2:  17938 1969   !   4       java.net.URL::<init> (543 bytes)


---------------  P R O C E S S  ---------------

Java Threads: ( => current thread )
  0x0000000017127800 JavaThread "Cache worker for execution history cache (C:\Users\PaulaPompeodeCamargo\.gradle\caches\6.2\executionHistory)" [_thread_blocked, id=12904, stack(0x000000001d7c0000,0x000000001d8c0000)]
  0x0000000017126000 JavaThread "Cache worker for cache directory md-rule (C:\Users\PaulaPompeodeCamargo\.gradle\caches\6.2\md-rule)" [_thread_blocked, id=18148, stack(0x000000001d6c0000,0x000000001d7c0000)]
  0x0000000017125800 JavaThread "Cache worker for cache directory md-supplier (C:\Users\PaulaPompeodeCamargo\.gradle\caches\6.2\md-supplier)" [_thread_blocked, id=17120, stack(0x000000001c110000,0x000000001c210000)]
  0x0000000017124000 JavaThread "Cache worker for file hash cache (C:\Users\PaulaPompeodeCamargo\Documents\rocketseat\gobarber-mobile\app\android\.gradle\6.2\fileHashes)" [_thread_blocked, id=3508, stack(0x000000001afe0000,0x000000001b0e0000)]
  0x0000000017127000 JavaThread "Cache worker for checksums cache (C:\Users\PaulaPompeodeCamargo\Documents\rocketseat\gobarber-mobile\app\android\.gradle\checksums)" [_thread_blocked, id=16076, stack(0x000000001aee0000,0x000000001afe0000)]
  0x0000000017124800 JavaThread "Cache worker for file hash cache (C:\Users\PaulaPompeodeCamargo\.gradle\caches\6.2\fileHashes)" [_thread_blocked, id=9456, stack(0x0000000019b10000,0x0000000019c10000)]
  0x000000001712a800 JavaThread "File lock request listener" [_thread_in_native, id=17584, stack(0x0000000019a10000,0x0000000019b10000)]
  0x000000001712a000 JavaThread "Cache worker for journal cache (C:\Users\PaulaPompeodeCamargo\.gradle\caches\journal-1)" [_thread_blocked, id=16512, stack(0x0000000019910000,0x0000000019a10000)]
  0x0000000016581800 JavaThread "Thread-9" [_thread_blocked, id=17400, stack(0x0000000019610000,0x0000000019710000)]
  0x000000001657e800 JavaThread "Stdin handler" [_thread_blocked, id=2476, stack(0x0000000019510000,0x0000000019610000)]
  0x0000000017079000 JavaThread "Asynchronous log dispatcher for DefaultDaemonConnection: socket connection from /127.0.0.1:65215 to /127.0.0.1:65216" [_thread_blocked, id=17856, stack(0x0000000019410000,0x0000000019510000)]
  0x0000000017076000 JavaThread "Daemon worker" [_thread_in_Java, id=9804, stack(0x0000000019310000,0x0000000019410000)]
  0x00000000158a4000 JavaThread "Cancel handler" [_thread_blocked, id=2652, stack(0x0000000019210000,0x0000000019310000)]
  0x00000000158a2000 JavaThread "Handler for socket connection from /127.0.0.1:65215 to /127.0.0.1:65216" [_thread_in_native, id=5592, stack(0x0000000018f10000,0x0000000019010000)]
  0x00000000158a1800 JavaThread "Daemon" [_thread_blocked, id=6988, stack(0x0000000018e10000,0x0000000018f10000)]
  0x0000000017ae8800 JavaThread "Daemon periodic checks" [_thread_blocked, id=15748, stack(0x0000000018d10000,0x0000000018e10000)]
  0x0000000017ae7800 JavaThread "Incoming local TCP Connector on port 65215" [_thread_in_native, id=5468, stack(0x0000000015ee0000,0x0000000015fe0000)]
  0x0000000017a06000 JavaThread "Daemon health stats" [_thread_blocked, id=10628, stack(0x0000000015de0000,0x0000000015ee0000)]
  0x0000000015598000 JavaThread "Service Thread" daemon [_thread_blocked, id=12884, stack(0x0000000015a80000,0x0000000015b80000)]
  0x000000001558c000 JavaThread "C1 CompilerThread2" daemon [_thread_in_native, id=4816, stack(0x0000000015980000,0x0000000015a80000)]
  0x0000000013d1c800 JavaThread "C2 CompilerThread1" daemon [_thread_blocked, id=13404, stack(0x0000000015480000,0x0000000015580000)]
=>0x0000000013d19000 JavaThread "C2 CompilerThread0" daemon [_thread_in_native, id=8228, stack(0x0000000015380000,0x0000000015480000)]
  0x0000000013d17800 JavaThread "Attach Listener" daemon [_thread_blocked, id=10856, stack(0x0000000015280000,0x0000000015380000)]
  0x0000000013cff000 JavaThread "Signal Dispatcher" daemon [_thread_blocked, id=18324, stack(0x0000000015180000,0x0000000015280000)]
  0x00000000028ca000 JavaThread "Finalizer" daemon [_thread_blocked, id=10948, stack(0x0000000014f70000,0x0000000015070000)]
  0x00000000028c6000 JavaThread "Reference Handler" daemon [_thread_blocked, id=11296, stack(0x0000000014e70000,0x0000000014f70000)]
  0x00000000027d5800 JavaThread "main" [_thread_blocked, id=444, stack(0x00000000026c0000,0x00000000027c0000)]

Other Threads:
  0x0000000013cd6800 VMThread [stack: 0x0000000014d70000,0x0000000014e70000] [id=14236]
  0x000000001558e000 WatcherThread [stack: 0x0000000015ce0000,0x0000000015de0000] [id=1608]

VM state:not at safepoint (normal execution)

VM Mutex/Monitor currently owned by a thread: None

heap address: 0x00000000e0000000, size: 512 MB, Compressed Oops mode: 32-bit
Narrow klass base: 0x0000000000000000, Narrow klass shift: 3
Compressed class space size: 1073741824 Address: 0x0000000100000000

Heap:
 PSYoungGen      total 76288K, used 30948K [0x00000000f5580000, 0x00000000fea80000, 0x0000000100000000)
  eden space 65536K, 47% used [0x00000000f5580000,0x00000000f73b90a8,0x00000000f9580000)
  from space 10752K, 0% used [0x00000000fa000000,0x00000000fa000000,0x00000000faa80000)
  to   space 10752K, 0% used [0x00000000f9580000,0x00000000f9580000,0x00000000fa000000)
 ParOldGen       total 175104K, used 7463K [0x00000000e0000000, 0x00000000eab00000, 0x00000000f5580000)
  object space 175104K, 4% used [0x00000000e0000000,0x00000000e0749f78,0x00000000eab00000)
 Metaspace       used 22872K, capacity 23586K, committed 23808K, reserved 1069056K
  class space    used 3338K, capacity 3547K, committed 3584K, reserved 1048576K

Card table byte_map: [0x0000000011d60000,0x0000000011e70000] byte_map_base: 0x0000000011660000

Marking Bits: (ParMarkBitMap*) 0x000000005b285ce0
 Begin Bits: [0x0000000012270000, 0x0000000012a70000)
 End Bits:   [0x0000000012a70000, 0x0000000013270000)

Polling page: 0x0000000000950000

CodeCache: size=245760Kb used=7007Kb max_used=7007Kb free=238752Kb
 bounds [0x00000000029a0000, 0x0000000003080000, 0x00000000119a0000]
 total_blobs=2429 nmethods=1999 adapters=342
 compilation: enabled

Compilation events (10 events):
Event: 17.927 Thread 0x000000001558c000 2033       3       org.objectweb.asm.MethodWriter::computeAllFrames (510 bytes)
Event: 17.930 Thread 0x000000001558c000 nmethod 2033 0x0000000003070e90 code [0x0000000003071180, 0x0000000003072a88]
Event: 17.930 Thread 0x000000001558c000 2029       3       org.objectweb.asm.Frame::setInputFrameFromDescriptor (175 bytes)
Event: 17.931 Thread 0x000000001558c000 nmethod 2029 0x0000000003073a50 code [0x0000000003073c20, 0x00000000030744f8]
Event: 17.931 Thread 0x000000001558c000 2034       3       org.objectweb.asm.Type::appendDescriptor (185 bytes)
Event: 17.934 Thread 0x000000001558c000 nmethod 2034 0x0000000003074ad0 code [0x0000000003074e60, 0x0000000003076ec8]
Event: 17.934 Thread 0x000000001558c000 2032       3       org.objectweb.asm.MethodVisitor::<init> (66 bytes)
Event: 17.935 Thread 0x000000001558c000 nmethod 2032 0x0000000003078190 code [0x0000000003078380, 0x0000000003078cd8]
Event: 17.935 Thread 0x000000001558c000 2031       3       org.objectweb.asm.MethodWriter::visitEnd (1 bytes)
Event: 17.935 Thread 0x000000001558c000 nmethod 2031 0x00000000030790d0 code [0x0000000003079220, 0x0000000003079370]

GC Heap History (10 events):
Event: 4.390 GC heap before
{Heap before GC invocations=1 (full 0):
 PSYoungGen      total 76288K, used 65536K [0x00000000f5580000, 0x00000000faa80000, 0x0000000100000000)
  eden space 65536K, 100% used [0x00000000f5580000,0x00000000f9580000,0x00000000f9580000)
  from space 10752K, 0% used [0x00000000fa000000,0x00000000fa000000,0x00000000faa80000)
  to   space 10752K, 0% used [0x00000000f9580000,0x00000000f9580000,0x00000000fa000000)
 ParOldGen       total 175104K, used 0K [0x00000000e0000000, 0x00000000eab00000, 0x00000000f5580000)
  object space 175104K, 0% used [0x00000000e0000000,0x00000000e0000000,0x00000000eab00000)
 Metaspace       used 7652K, capacity 7862K, committed 8064K, reserved 1056768K
  class space    used 966K, capacity 1045K, committed 1152K, reserved 1048576K
Event: 4.400 GC heap after
Heap after GC invocations=1 (full 0):
 PSYoungGen      total 76288K, used 5792K [0x00000000f5580000, 0x00000000faa80000, 0x0000000100000000)
  eden space 65536K, 0% used [0x00000000f5580000,0x00000000f5580000,0x00000000f9580000)
  from space 10752K, 53% used [0x00000000f9580000,0x00000000f9b28160,0x00000000fa000000)
  to   space 10752K, 0% used [0x00000000fa000000,0x00000000fa000000,0x00000000faa80000)
 ParOldGen       total 175104K, used 16K [0x00000000e0000000, 0x00000000eab00000, 0x00000000f5580000)
  object space 175104K, 0% used [0x00000000e0000000,0x00000000e0004000,0x00000000eab00000)
 Metaspace       used 7652K, capacity 7862K, committed 8064K, reserved 1056768K
  class space    used 966K, capacity 1045K, committed 1152K, reserved 1048576K
}
Event: 12.348 GC heap before
{Heap before GC invocations=2 (full 0):
 PSYoungGen      total 76288K, used 71328K [0x00000000f5580000, 0x00000000faa80000, 0x0000000100000000)
  eden space 65536K, 100% used [0x00000000f5580000,0x00000000f9580000,0x00000000f9580000)
  from space 10752K, 53% used [0x00000000f9580000,0x00000000f9b28160,0x00000000fa000000)
  to   space 10752K, 0% used [0x00000000fa000000,0x00000000fa000000,0x00000000faa80000)
 ParOldGen       total 175104K, used 16K [0x00000000e0000000, 0x00000000eab00000, 0x00000000f5580000)
  object space 175104K, 0% used [0x00000000e0000000,0x00000000e0004000,0x00000000eab00000)
 Metaspace       used 14512K, capacity 14894K, committed 14976K, reserved 1062912K
  class space    used 1957K, capacity 2103K, committed 2176K, reserved 1048576K
Event: 12.368 GC heap after
Heap after GC invocations=2 (full 0):
 PSYoungGen      total 76288K, used 9018K [0x00000000f5580000, 0x00000000faa80000, 0x0000000100000000)
  eden space 65536K, 0% used [0x00000000f5580000,0x00000000f5580000,0x00000000f9580000)
  from space 10752K, 83% used [0x00000000fa000000,0x00000000fa8ce920,0x00000000faa80000)
  to   space 10752K, 0% used [0x00000000f9580000,0x00000000f9580000,0x00000000fa000000)
 ParOldGen       total 175104K, used 24K [0x00000000e0000000, 0x00000000eab00000, 0x00000000f5580000)
  object space 175104K, 0% used [0x00000000e0000000,0x00000000e0006000,0x00000000eab00000)
 Metaspace       used 14512K, capacity 14894K, committed 14976K, reserved 1062912K
  class space    used 1957K, capacity 2103K, committed 2176K, reserved 1048576K
}
Event: 15.918 GC heap before
{Heap before GC invocations=3 (full 0):
 PSYoungGen      total 76288K, used 74554K [0x00000000f5580000, 0x00000000faa80000, 0x0000000100000000)
  eden space 65536K, 100% used [0x00000000f5580000,0x00000000f9580000,0x00000000f9580000)
  from space 10752K, 83% used [0x00000000fa000000,0x00000000fa8ce920,0x00000000faa80000)
  to   space 10752K, 0% used [0x00000000f9580000,0x00000000f9580000,0x00000000fa000000)
 ParOldGen       total 175104K, used 24K [0x00000000e0000000, 0x00000000eab00000, 0x00000000f5580000)
  object space 175104K, 0% used [0x00000000e0000000,0x00000000e0006000,0x00000000eab00000)
 Metaspace       used 19827K, capacity 20378K, committed 20480K, reserved 1067008K
  class space    used 2838K, capacity 3023K, committed 3072K, reserved 1048576K
Event: 16.023 GC heap after
Heap after GC invocations=3 (full 0):
 PSYoungGen      total 76288K, used 10721K [0x00000000f5580000, 0x00000000faa80000, 0x0000000100000000)
  eden space 65536K, 0% used [0x00000000f5580000,0x00000000f5580000,0x00000000f9580000)
  from space 10752K, 99% used [0x00000000f9580000,0x00000000f9ff8548,0x00000000fa000000)
  to   space 10752K, 0% used [0x00000000fa000000,0x00000000fa000000,0x00000000faa80000)
 ParOldGen       total 175104K, used 664K [0x00000000e0000000, 0x00000000eab00000, 0x00000000f5580000)
  object space 175104K, 0% used [0x00000000e0000000,0x00000000e00a63c0,0x00000000eab00000)
 Metaspace       used 19827K, capacity 20378K, committed 20480K, reserved 1067008K
  class space    used 2838K, capacity 3023K, committed 3072K, reserved 1048576K
}
Event: 16.658 GC heap before
{Heap before GC invocations=4 (full 0):
 PSYoungGen      total 76288K, used 25816K [0x00000000f5580000, 0x00000000faa80000, 0x0000000100000000)
  eden space 65536K, 23% used [0x00000000f5580000,0x00000000f643ddc0,0x00000000f9580000)
  from space 10752K, 99% used [0x00000000f9580000,0x00000000f9ff8548,0x00000000fa000000)
  to   space 10752K, 0% used [0x00000000fa000000,0x00000000fa000000,0x00000000faa80000)
 ParOldGen       total 175104K, used 664K [0x00000000e0000000, 0x00000000eab00000, 0x00000000f5580000)
  object space 175104K, 0% used [0x00000000e0000000,0x00000000e00a63c0,0x00000000eab00000)
 Metaspace       used 20665K, capacity 21226K, committed 21296K, reserved 1067008K
  class space    used 2977K, capacity 3131K, committed 3200K, reserved 1048576K
Event: 16.701 GC heap after
Heap after GC invocations=4 (full 0):
 PSYoungGen      total 76288K, used 7598K [0x00000000f5580000, 0x00000000fea80000, 0x0000000100000000)
  eden space 65536K, 0% used [0x00000000f5580000,0x00000000f5580000,0x00000000f9580000)
  from space 10752K, 70% used [0x00000000fa000000,0x00000000fa76b830,0x00000000faa80000)
  to   space 10752K, 0% used [0x00000000f9580000,0x00000000f9580000,0x00000000fa000000)
 ParOldGen       total 175104K, used 672K [0x00000000e0000000, 0x00000000eab00000, 0x00000000f5580000)
  object space 175104K, 0% used [0x00000000e0000000,0x00000000e00a83c0,0x00000000eab00000)
 Metaspace       used 20665K, capacity 21226K, committed 21296K, reserved 1067008K
  class space    used 2977K, capacity 3131K, committed 3200K, reserved 1048576K
}
Event: 16.701 GC heap before
{Heap before GC invocations=5 (full 1):
 PSYoungGen      total 76288K, used 7598K [0x00000000f5580000, 0x00000000fea80000, 0x0000000100000000)
  eden space 65536K, 0% used [0x00000000f5580000,0x00000000f5580000,0x00000000f9580000)
  from space 10752K, 70% used [0x00000000fa000000,0x00000000fa76b830,0x00000000faa80000)
  to   space 10752K, 0% used [0x00000000f9580000,0x00000000f9580000,0x00000000fa000000)
 ParOldGen       total 175104K, used 672K [0x00000000e0000000, 0x00000000eab00000, 0x00000000f5580000)
  object space 175104K, 0% used [0x00000000e0000000,0x00000000e00a83c0,0x00000000eab00000)
 Metaspace       used 20665K, capacity 21226K, committed 21296K, reserved 1067008K
  class space    used 2977K, capacity 3131K, committed 3200K, reserved 1048576K
Event: 16.806 GC heap after
Heap after GC invocations=5 (full 1):
 PSYoungGen      total 76288K, used 0K [0x00000000f5580000, 0x00000000fea80000, 0x0000000100000000)
  eden space 65536K, 0% used [0x00000000f5580000,0x00000000f5580000,0x00000000f9580000)
  from space 10752K, 0% used [0x00000000fa000000,0x00000000fa000000,0x00000000faa80000)
  to   space 10752K, 0% used [0x00000000f9580000,0x00000000f9580000,0x00000000fa000000)
 ParOldGen       total 175104K, used 7463K [0x00000000e0000000, 0x00000000eab00000, 0x00000000f5580000)
  object space 175104K, 4% used [0x00000000e0000000,0x00000000e0749f78,0x00000000eab00000)
 Metaspace       used 20665K, capacity 21226K, committed 21296K, reserved 1067008K
  class space    used 2977K, capacity 3131K, committed 3200K, reserved 1048576K
}

Deoptimization events (10 events):
Event: 15.340 Thread 0x0000000017076000 Uncommon trap: reason=unstable_if action=reinterpret pc=0x0000000002c12e50 method=java.util.HashMap.getNode(ILjava/lang/Object;)Ljava/util/HashMap$Node; @ 129
Event: 15.445 Thread 0x0000000017076000 Uncommon trap: reason=unstable_if action=reinterpret pc=0x0000000002d2ba48 method=java.net.URI.match(CJJ)Z @ 19
Event: 15.445 Thread 0x0000000017076000 Uncommon trap: reason=unstable_if action=reinterpret pc=0x0000000002c54c00 method=java.net.URI.match(CJJ)Z @ 19
Event: 15.445 Thread 0x0000000017076000 Uncommon trap: reason=unstable_if action=reinterpret pc=0x0000000002b6c648 method=java.net.URI.match(CJJ)Z @ 19
Event: 15.446 Thread 0x0000000017076000 Uncommon trap: reason=unstable_if action=reinterpret pc=0x0000000002b6d208 method=java.net.URI.match(CJJ)Z @ 19
Event: 16.313 Thread 0x0000000017076000 Uncommon trap: reason=unstable_if action=reinterpret pc=0x0000000002e81724 method=java.util.HashMap.hash(Ljava/lang/Object;)I @ 1
Event: 16.393 Thread 0x0000000017076000 Uncommon trap: reason=unstable_if action=reinterpret pc=0x0000000002c6c668 method=java.util.HashMap.hash(Ljava/lang/Object;)I @ 1
Event: 16.889 Thread 0x0000000017076000 Uncommon trap: reason=unstable_if action=reinterpret pc=0x0000000002cb3b8c method=java.io.WinNTFileSystem.resolve(Ljava/lang/String;Ljava/lang/String;)Ljava/lang/String; @ 49
Event: 17.002 Thread 0x0000000017076000 Uncommon trap: reason=unstable_if action=reinterpret pc=0x0000000002e2b6b0 method=java.util.LinkedHashMap.afterNodeInsertion(Z)V @ 1
Event: 17.916 Thread 0x0000000017076000 Uncommon trap: reason=unstable_if action=reinterpret pc=0x0000000002e573f0 method=java.util.HashMap.putVal(ILjava/lang/Object;Ljava/lang/Object;ZZ)Ljava/lang/Object; @ 162

Classes redefined (0 events):
No events

Internal exceptions (10 events):
Event: 2.266 Thread 0x00000000027d5800 Exception <a 'java/lang/ArrayIndexOutOfBoundsException'> (0x00000000f6b4f080) thrown at [C:\re\workspace\8-2-build-windows-amd64-cygwin\jdk8u211\12973\hotspot\src\share\vm\runtime\sharedRuntime.cpp, line 605]
Event: 2.270 Thread 0x00000000027d5800 Exception <a 'java/lang/ArrayIndexOutOfBoundsException'> (0x00000000f6b5af78) thrown at [C:\re\workspace\8-2-build-windows-amd64-cygwin\jdk8u211\12973\hotspot\src\share\vm\runtime\sharedRuntime.cpp, line 605]
Event: 10.934 Thread 0x00000000027d5800 Exception <a 'java/io/IOException'> (0x00000000f7586090) thrown at [C:\re\workspace\8-2-build-windows-amd64-cygwin\jdk8u211\12973\hotspot\src\share\vm\prims\jni.cpp, line 710]
Event: 14.090 Thread 0x0000000017076000 Exception <a 'java/lang/NoSuchMethodError': java.lang.Object.lambda$and$0(Ljava/util/function/Predicate;Ljava/lang/Object;)Z> (0x00000000f6e57ea0) thrown at [C:\re\workspace\8-2-build-windows-amd64-cygwin\jdk8u211\12973\hotspot\src\share\vm\interpreter\li
Event: 14.105 Thread 0x0000000017076000 Exception <a 'java/lang/IncompatibleClassChangeError': Found class java.lang.Object, but interface was expected> (0x00000000f6e68728) thrown at [C:\re\workspace\8-2-build-windows-amd64-cygwin\jdk8u211\12973\hotspot\src\share\vm\interpreter\linkResolver.cp
Event: 14.110 Thread 0x0000000017076000 Exception <a 'java/lang/NoSuchMethodError': java.lang.Object.lambda$or$2(Ljava/util/function/Predicate;Ljava/lang/Object;)Z> (0x00000000f6e6d6c0) thrown at [C:\re\workspace\8-2-build-windows-amd64-cygwin\jdk8u211\12973\hotspot\src\share\vm\interpreter\lin
Event: 15.084 Thread 0x0000000017076000 Exception <a 'java/lang/NoSuchMethodError': java.lang.Object.lambda$withReadOnlyCache$0(Ljava/util/function/BiFunction;Lorg/gradle/api/internal/artifacts/ivyservice/ArtifactCacheMetadata;)Ljava/lang/Object;> (0x00000000f8088a70) thrown at [C:\re\workspace
Event: 16.313 Thread 0x0000000017076000 Implicit null exception at 0x0000000002e81515 to 0x0000000002e81715
Event: 16.393 Thread 0x0000000017076000 Implicit null exception at 0x0000000002c6c5ef to 0x0000000002c6c659
Event: 16.638 Thread 0x0000000017076000 Exception <a 'java/lang/NoSuchMethodError': java.lang.Object.lambda$static$0(Lorg/gradle/api/internal/artifacts/ivyservice/ivyresolve/ModuleComponentRepository;Ljava/lang/String;Lorg/gradle/api/internal/artifacts/configurations/ResolutionStrategyInternal;

Events (10 events):
Event: 17.915 loading class org/gradle/plugin/management/PluginManagementSpec done
Event: 17.915 loading class org/gradle/vcs/SourceControl
Event: 17.915 loading class org/gradle/vcs/SourceControl done
Event: 17.916 Thread 0x0000000017076000 Uncommon trap: trap_request=0xffffff65 fr.pc=0x0000000002e573f0
Event: 17.916 Thread 0x0000000017076000 DEOPT PACKING pc=0x0000000002e573f0 sp=0x000000001940b780
Event: 17.916 Thread 0x0000000017076000 DEOPT UNPACKING pc=0x00000000029e583b sp=0x000000001940b680 mode 2
Event: 17.917 loading class org/gradle/initialization/IncludedBuildSpec
Event: 17.917 loading class org/gradle/initialization/IncludedBuildSpec done
Event: 17.920 loading class sun/reflect/BootstrapConstructorAccessorImpl
Event: 17.920 loading class sun/reflect/BootstrapConstructorAccessorImpl done


Dynamic libraries:
0x00007ff6e4d00000 - 0x00007ff6e4d37000 	C:\Program Files\java\jdk1.8.0_211\bin\java.exe
0x00007fff96010000 - 0x00007fff96206000 	C:\WINDOWS\SYSTEM32\ntdll.dll
0x00007fff943a0000 - 0x00007fff9445d000 	C:\WINDOWS\System32\KERNEL32.DLL
0x00007fff93a80000 - 0x00007fff93d48000 	C:\WINDOWS\System32\KERNELBASE.dll
0x00007fff947d0000 - 0x00007fff9487a000 	C:\WINDOWS\System32\ADVAPI32.dll
0x00007fff942a0000 - 0x00007fff9433e000 	C:\WINDOWS\System32\msvcrt.dll
0x00007fff95e20000 - 0x00007fff95ebb000 	C:\WINDOWS\System32\sechost.dll
0x00007fff94140000 - 0x00007fff94264000 	C:\WINDOWS\System32\RPCRT4.dll
0x00007fff958c0000 - 0x00007fff95a60000 	C:\WINDOWS\System32\USER32.dll
0x00007fff93d50000 - 0x00007fff93d72000 	C:\WINDOWS\System32\win32u.dll
0x00007fff95760000 - 0x00007fff9578a000 	C:\WINDOWS\System32\GDI32.dll
0x00007fff937e0000 - 0x00007fff938e9000 	C:\WINDOWS\System32\gdi32full.dll
0x00007fff93fe0000 - 0x00007fff9407d000 	C:\WINDOWS\System32\msvcp_win.dll
0x00007fff93ee0000 - 0x00007fff93fe0000 	C:\WINDOWS\System32\ucrtbase.dll
0x00007fff7d000000 - 0x00007fff7d29b000 	C:\WINDOWS\WinSxS\amd64_microsoft.windows.common-controls_6595b64144ccf1df_6.0.19041.488_none_ca04af081b815d21\COMCTL32.dll
0x00007fff94270000 - 0x00007fff942a0000 	C:\WINDOWS\System32\IMM32.DLL
0x000000005b310000 - 0x000000005b3e2000 	C:\Program Files\java\jdk1.8.0_211\jre\bin\msvcr100.dll
0x000000005aa60000 - 0x000000005b305000 	C:\Program Files\java\jdk1.8.0_211\jre\bin\server\jvm.dll
0x00007fff95790000 - 0x00007fff95798000 	C:\WINDOWS\System32\PSAPI.DLL
0x00007fff7a9e0000 - 0x00007fff7aa07000 	C:\WINDOWS\SYSTEM32\WINMM.dll
0x00007fff78190000 - 0x00007fff78199000 	C:\WINDOWS\SYSTEM32\WSOCK32.dll
0x00007fff95280000 - 0x00007fff952eb000 	C:\WINDOWS\System32\WS2_32.dll
0x00007fff84520000 - 0x00007fff8452a000 	C:\WINDOWS\SYSTEM32\VERSION.dll
0x00007fff74450000 - 0x00007fff7445f000 	C:\Program Files\java\jdk1.8.0_211\jre\bin\verify.dll
0x00007fff658f0000 - 0x00007fff65919000 	C:\Program Files\java\jdk1.8.0_211\jre\bin\java.dll
0x00007fff67f50000 - 0x00007fff67f66000 	C:\Program Files\java\jdk1.8.0_211\jre\bin\zip.dll
0x00007fff94b40000 - 0x00007fff95280000 	C:\WINDOWS\System32\SHELL32.dll
0x00007fff91710000 - 0x00007fff91ea4000 	C:\WINDOWS\SYSTEM32\windows.storage.dll
0x00007fff95a60000 - 0x00007fff95db5000 	C:\WINDOWS\System32\combase.dll
0x00007fff93100000 - 0x00007fff9312c000 	C:\WINDOWS\SYSTEM32\Wldp.dll
0x00007fff94640000 - 0x00007fff946ee000 	C:\WINDOWS\System32\SHCORE.dll
0x00007fff94340000 - 0x00007fff94395000 	C:\WINDOWS\System32\shlwapi.dll
0x00007fff93690000 - 0x00007fff936b6000 	C:\WINDOWS\SYSTEM32\profapi.dll
0x00007fff67b60000 - 0x00007fff67b7a000 	C:\Program Files\java\jdk1.8.0_211\jre\bin\net.dll
0x00007fff80f90000 - 0x00007fff8117d000 	C:\WINDOWS\SYSTEM32\urlmon.dll
0x00007fff81310000 - 0x00007fff815c0000 	C:\WINDOWS\SYSTEM32\iertutil.dll
0x00007fff92ef0000 - 0x00007fff92f5a000 	C:\WINDOWS\system32\mswsock.dll
0x00007fff67310000 - 0x00007fff67322000 	C:\Program Files\java\jdk1.8.0_211\jre\bin\nio.dll
0x00007fff64ec0000 - 0x00007fff64eea000 	C:\Users\PaulaPompeodeCamargo\.gradle\native\36\windows-amd64\native-platform.dll
0x00007fff74130000 - 0x00007fff7413d000 	C:\Program Files\java\jdk1.8.0_211\jre\bin\management.dll
0x00007fff93140000 - 0x00007fff93158000 	C:\WINDOWS\SYSTEM32\CRYPTSP.dll
0x00007fff92730000 - 0x00007fff92764000 	C:\WINDOWS\system32\rsaenh.dll
0x00007fff93a50000 - 0x00007fff93a77000 	C:\WINDOWS\System32\bcrypt.dll
0x00007fff93650000 - 0x00007fff9367e000 	C:\WINDOWS\SYSTEM32\USERENV.dll
0x00007fff93760000 - 0x00007fff937df000 	C:\WINDOWS\System32\bcryptprimitives.dll
0x00007fff93070000 - 0x00007fff9307c000 	C:\WINDOWS\SYSTEM32\CRYPTBASE.dll
0x00007fff92bb0000 - 0x00007fff92beb000 	C:\WINDOWS\SYSTEM32\IPHLPAPI.DLL
0x00007fff947c0000 - 0x00007fff947c9000 	C:\WINDOWS\System32\NSI.dll
0x00007fff88a80000 - 0x00007fff88a97000 	C:\WINDOWS\SYSTEM32\dhcpcsvc6.DLL
0x00007fff88a60000 - 0x00007fff88a7d000 	C:\WINDOWS\SYSTEM32\dhcpcsvc.DLL
0x00007fff92c00000 - 0x00007fff92ccb000 	C:\WINDOWS\SYSTEM32\DNSAPI.dll

VM Arguments:
jvm_args: -XX:MaxMetaspaceSize=256m -XX:+HeapDumpOnOutOfMemoryError -Xms256m -Xmx512m -Dfile.encoding=windows-1252 -Duser.country=BR -Duser.language=pt -Duser.variant 
java_command: org.gradle.launcher.daemon.bootstrap.GradleDaemon 6.2
java_class_path (initial): C:\Users\PaulaPompeodeCamargo\.gradle\wrapper\dists\gradle-6.2-all\dvufqs6kielxeao781pmk5huj\gradle-6.2\lib\gradle-launcher-6.2.jar
Launcher Type: SUN_STANDARD

Environment Variables:
JAVA_HOME=C:\Program Files\Java\jdk1.8.0_211
CLASSPATH=C:\Users\PaulaPompeodeCamargo\Documents\rocketseat\gobarber-mobile\app\android\\gradle\wrapper\gradle-wrapper.jar
USERNAME=PaulaPompeodeCamargo
SHELL=C:/PROGRA~2/MKSTOO~1/mksnt/sh.exe
DISPLAY=:0.0
OS=Windows_NT
PROCESSOR_IDENTIFIER=Intel64 Family 6 Model 142 Stepping 9, GenuineIntel



---------------  S Y S T E M  ---------------

OS: Windows 10.0 , 64 bit Build 19041 (10.0.19041.546)

CPU:total 4 (initial active 4) (2 cores per cpu, 2 threads per core) family 6 model 142 stepping 9, cmov, cx8, fxsr, mmx, sse, sse2, sse3, ssse3, sse4.1, sse4.2, popcnt, avx, avx2, aes, clmul, erms, rtm, 3dnowpref, lzcnt, ht, tsc, tscinvbit, bmi1, bmi2, adx

Memory: 4k page, physical 8224520k(91540k free), swap 33390344k(8556k free)

vm_info: Java HotSpot(TM) 64-Bit Server VM (25.211-b12) for windows-amd64 JRE (1.8.0_211-b12), built on Apr  1 2019 20:53:26 by "java_re" with MS VC++ 10.0 (VS2010)

time: Fri Oct 23 17:15:23 2020
timezone: Hora oficial do Brasil
elapsed time: 17 seconds (0d 0h 0m 17s)

